<?xml version="1.0" encoding="UTF-8"?>
<!-- Generated by org.testng.reporters.JUnitReportReporter -->
<testsuite skipped="0" hostname="SCL410" name="Qaclickacademyframework.TestCases.PracticePage" tests="1" failures="0" timestamp="25 Nov 2019 11:18:36 GMT" time="49.143" errors="0">
  <testcase name="all" time="49.143" classname="Qaclickacademyframework.TestCases.PracticePage"/>
</testsuite> <!-- Qaclickacademyframework.TestCases.PracticePage -->
